<?xml version="1.0" encoding="UTF-8"?>
<!-- Generated by org.testng.reporters.JUnitReportReporter -->
<testsuite skipped="0" hostname="saidinesh-mbp" name="example.NewTest" tests="1" failures="0" timestamp="19 Apr 2020 07:33:03 GMT" time="12.696" errors="0">
  <testcase name="testEasy" time="12.696" classname="example.NewTest"/>
</testsuite> <!-- example.NewTest -->
